e:\badr\freertos_v9.0.1\160919_freertos_labs\freertos-plus\demo\freertos_plus_tcp_and_fat_windows_simulator\debug\win32.bsc
e:\badr\freertos_v9.0.1\160919_freertos_labs\freertos-plus\demo\freertos_plus_tcp_and_fat_windows_simulator\debug\vc143.pdb
e:\badr\freertos_v9.0.1\160919_freertos_labs\freertos-plus\demo\freertos_plus_tcp_and_fat_windows_simulator\debug\vc143.idb
e:\badr\freertos_v9.0.1\160919_freertos_labs\freertos-plus\demo\freertos_plus_tcp_and_fat_windows_simulator\debug\demoiptrace.sbr
e:\badr\freertos_v9.0.1\160919_freertos_labs\freertos-plus\demo\freertos_plus_tcp_and_fat_windows_simulator\debug\run-time-stats-utils.sbr
e:\badr\freertos_v9.0.1\160919_freertos_labs\freertos-plus\demo\freertos_plus_tcp_and_fat_windows_simulator\debug\main.sbr
e:\badr\freertos_v9.0.1\160919_freertos_labs\freertos-plus\demo\freertos_plus_tcp_and_fat_windows_simulator\debug\demo_logging.sbr
e:\badr\freertos_v9.0.1\160919_freertos_labs\freertos-plus\demo\freertos_plus_tcp_and_fat_windows_simulator\debug\simpletcpechoserver.sbr
e:\badr\freertos_v9.0.1\160919_freertos_labs\freertos-plus\demo\freertos_plus_tcp_and_fat_windows_simulator\debug\simpleudpclientandserver.sbr
e:\badr\freertos_v9.0.1\160919_freertos_labs\freertos-plus\demo\freertos_plus_tcp_and_fat_windows_simulator\debug\udpselectserver.sbr
e:\badr\freertos_v9.0.1\160919_freertos_labs\freertos-plus\demo\freertos_plus_tcp_and_fat_windows_simulator\debug\twoudpechoclients.sbr
e:\badr\freertos_v9.0.1\160919_freertos_labs\freertos-plus\demo\freertos_plus_tcp_and_fat_windows_simulator\debug\tcpechoclient_singletasks.sbr
e:\badr\freertos_v9.0.1\160919_freertos_labs\freertos-plus\demo\freertos_plus_tcp_and_fat_windows_simulator\debug\tcpechoclient_separatetasks.sbr
e:\badr\freertos_v9.0.1\160919_freertos_labs\freertos-plus\demo\freertos_plus_tcp_and_fat_windows_simulator\debug\cli-commands.sbr
e:\badr\freertos_v9.0.1\160919_freertos_labs\freertos-plus\demo\freertos_plus_tcp_and_fat_windows_simulator\debug\tftpserver.sbr
e:\badr\freertos_v9.0.1\160919_freertos_labs\freertos-plus\demo\freertos_plus_tcp_and_fat_windows_simulator\debug\ff_stdio_tests_with_cwd.sbr
e:\badr\freertos_v9.0.1\160919_freertos_labs\freertos-plus\demo\freertos_plus_tcp_and_fat_windows_simulator\debug\createandverifyexamplefiles.sbr
e:\badr\freertos_v9.0.1\160919_freertos_labs\freertos-plus\demo\freertos_plus_tcp_and_fat_windows_simulator\debug\udpcommandconsole.sbr
e:\badr\freertos_v9.0.1\160919_freertos_labs\freertos-plus\demo\freertos_plus_tcp_and_fat_windows_simulator\debug\tcpcommandconsole.sbr
e:\badr\freertos_v9.0.1\160919_freertos_labs\freertos-plus\demo\freertos_plus_tcp_and_fat_windows_simulator\debug\file-related-cli-commands.sbr
e:\badr\freertos_v9.0.1\160919_freertos_labs\freertos-plus\demo\freertos_plus_tcp_and_fat_windows_simulator\debug\freertos_http_server.sbr
e:\badr\freertos_v9.0.1\160919_freertos_labs\freertos-plus\demo\freertos_plus_tcp_and_fat_windows_simulator\debug\freertos_http_commands.sbr
e:\badr\freertos_v9.0.1\160919_freertos_labs\freertos-plus\demo\freertos_plus_tcp_and_fat_windows_simulator\debug\freertos_ftp_server.sbr
e:\badr\freertos_v9.0.1\160919_freertos_labs\freertos-plus\demo\freertos_plus_tcp_and_fat_windows_simulator\debug\freertos_ftp_server.obj
e:\badr\freertos_v9.0.1\160919_freertos_labs\freertos-plus\demo\freertos_plus_tcp_and_fat_windows_simulator\debug\freertos_http_commands.obj
e:\badr\freertos_v9.0.1\160919_freertos_labs\freertos-plus\demo\freertos_plus_tcp_and_fat_windows_simulator\debug\freertos_http_server.obj
e:\badr\freertos_v9.0.1\160919_freertos_labs\freertos-plus\demo\freertos_plus_tcp_and_fat_windows_simulator\debug\file-related-cli-commands.obj
e:\badr\freertos_v9.0.1\160919_freertos_labs\freertos-plus\demo\freertos_plus_tcp_and_fat_windows_simulator\debug\tcpcommandconsole.obj
e:\badr\freertos_v9.0.1\160919_freertos_labs\freertos-plus\demo\freertos_plus_tcp_and_fat_windows_simulator\debug\udpcommandconsole.obj
e:\badr\freertos_v9.0.1\160919_freertos_labs\freertos-plus\demo\freertos_plus_tcp_and_fat_windows_simulator\debug\createandverifyexamplefiles.obj
e:\badr\freertos_v9.0.1\160919_freertos_labs\freertos-plus\demo\freertos_plus_tcp_and_fat_windows_simulator\debug\ff_stdio_tests_with_cwd.obj
e:\badr\freertos_v9.0.1\160919_freertos_labs\freertos-plus\demo\freertos_plus_tcp_and_fat_windows_simulator\debug\tftpserver.obj
e:\badr\freertos_v9.0.1\160919_freertos_labs\freertos-plus\demo\freertos_plus_tcp_and_fat_windows_simulator\debug\cli-commands.obj
e:\badr\freertos_v9.0.1\160919_freertos_labs\freertos-plus\demo\freertos_plus_tcp_and_fat_windows_simulator\debug\tcpechoclient_separatetasks.obj
e:\badr\freertos_v9.0.1\160919_freertos_labs\freertos-plus\demo\freertos_plus_tcp_and_fat_windows_simulator\debug\tcpechoclient_singletasks.obj
e:\badr\freertos_v9.0.1\160919_freertos_labs\freertos-plus\demo\freertos_plus_tcp_and_fat_windows_simulator\debug\twoudpechoclients.obj
e:\badr\freertos_v9.0.1\160919_freertos_labs\freertos-plus\demo\freertos_plus_tcp_and_fat_windows_simulator\debug\udpselectserver.obj
e:\badr\freertos_v9.0.1\160919_freertos_labs\freertos-plus\demo\freertos_plus_tcp_and_fat_windows_simulator\debug\simpleudpclientandserver.obj
e:\badr\freertos_v9.0.1\160919_freertos_labs\freertos-plus\demo\freertos_plus_tcp_and_fat_windows_simulator\debug\simpletcpechoserver.obj
e:\badr\freertos_v9.0.1\160919_freertos_labs\freertos-plus\demo\freertos_plus_tcp_and_fat_windows_simulator\debug\demo_logging.obj
e:\badr\freertos_v9.0.1\160919_freertos_labs\freertos-plus\demo\freertos_plus_tcp_and_fat_windows_simulator\debug\main.obj
e:\badr\freertos_v9.0.1\160919_freertos_labs\freertos-plus\demo\freertos_plus_tcp_and_fat_windows_simulator\debug\run-time-stats-utils.obj
e:\badr\freertos_v9.0.1\160919_freertos_labs\freertos-plus\demo\freertos_plus_tcp_and_fat_windows_simulator\debug\demoiptrace.obj
e:\badr\freertos_v9.0.1\160919_freertos_labs\freertos-plus\demo\freertos_plus_tcp_and_fat_windows_simulator\debug\freertos_ftp_commands.sbr
e:\badr\freertos_v9.0.1\160919_freertos_labs\freertos-plus\demo\freertos_plus_tcp_and_fat_windows_simulator\debug\freertos_tcp_server.sbr
e:\badr\freertos_v9.0.1\160919_freertos_labs\freertos-plus\demo\freertos_plus_tcp_and_fat_windows_simulator\debug\networkinterface.sbr
e:\badr\freertos_v9.0.1\160919_freertos_labs\freertos-plus\demo\freertos_plus_tcp_and_fat_windows_simulator\debug\bufferallocation_2.sbr
e:\badr\freertos_v9.0.1\160919_freertos_labs\freertos-plus\demo\freertos_plus_tcp_and_fat_windows_simulator\debug\freertos_udp_ip.sbr
e:\badr\freertos_v9.0.1\160919_freertos_labs\freertos-plus\demo\freertos_plus_tcp_and_fat_windows_simulator\debug\freertos_tcp_win.sbr
e:\badr\freertos_v9.0.1\160919_freertos_labs\freertos-plus\demo\freertos_plus_tcp_and_fat_windows_simulator\debug\freertos_tcp_ip.sbr
e:\badr\freertos_v9.0.1\160919_freertos_labs\freertos-plus\demo\freertos_plus_tcp_and_fat_windows_simulator\debug\freertos_stream_buffer.sbr
e:\badr\freertos_v9.0.1\160919_freertos_labs\freertos-plus\demo\freertos_plus_tcp_and_fat_windows_simulator\debug\freertos_sockets.sbr
e:\badr\freertos_v9.0.1\160919_freertos_labs\freertos-plus\demo\freertos_plus_tcp_and_fat_windows_simulator\debug\freertos_ip.sbr
e:\badr\freertos_v9.0.1\160919_freertos_labs\freertos-plus\demo\freertos_plus_tcp_and_fat_windows_simulator\debug\freertos_dns.sbr
e:\badr\freertos_v9.0.1\160919_freertos_labs\freertos-plus\demo\freertos_plus_tcp_and_fat_windows_simulator\debug\freertos_dhcp.sbr
e:\badr\freertos_v9.0.1\160919_freertos_labs\freertos-plus\demo\freertos_plus_tcp_and_fat_windows_simulator\debug\freertos_arp.sbr
e:\badr\freertos_v9.0.1\160919_freertos_labs\freertos-plus\demo\freertos_plus_tcp_and_fat_windows_simulator\debug\ff_ramdisk.sbr
e:\badr\freertos_v9.0.1\160919_freertos_labs\freertos-plus\demo\freertos_plus_tcp_and_fat_windows_simulator\debug\ff_time.sbr
e:\badr\freertos_v9.0.1\160919_freertos_labs\freertos-plus\demo\freertos_plus_tcp_and_fat_windows_simulator\debug\ff_sys.sbr
e:\badr\freertos_v9.0.1\160919_freertos_labs\freertos-plus\demo\freertos_plus_tcp_and_fat_windows_simulator\debug\ff_string.sbr
e:\badr\freertos_v9.0.1\160919_freertos_labs\freertos-plus\demo\freertos_plus_tcp_and_fat_windows_simulator\debug\ff_stdio.sbr
e:\badr\freertos_v9.0.1\160919_freertos_labs\freertos-plus\demo\freertos_plus_tcp_and_fat_windows_simulator\debug\ff_memory.sbr
e:\badr\freertos_v9.0.1\160919_freertos_labs\freertos-plus\demo\freertos_plus_tcp_and_fat_windows_simulator\debug\ff_locking.sbr
e:\badr\freertos_v9.0.1\160919_freertos_labs\freertos-plus\demo\freertos_plus_tcp_and_fat_windows_simulator\debug\ff_locking.obj
e:\badr\freertos_v9.0.1\160919_freertos_labs\freertos-plus\demo\freertos_plus_tcp_and_fat_windows_simulator\debug\ff_memory.obj
e:\badr\freertos_v9.0.1\160919_freertos_labs\freertos-plus\demo\freertos_plus_tcp_and_fat_windows_simulator\debug\ff_stdio.obj
e:\badr\freertos_v9.0.1\160919_freertos_labs\freertos-plus\demo\freertos_plus_tcp_and_fat_windows_simulator\debug\ff_string.obj
e:\badr\freertos_v9.0.1\160919_freertos_labs\freertos-plus\demo\freertos_plus_tcp_and_fat_windows_simulator\debug\ff_sys.obj
e:\badr\freertos_v9.0.1\160919_freertos_labs\freertos-plus\demo\freertos_plus_tcp_and_fat_windows_simulator\debug\ff_time.obj
e:\badr\freertos_v9.0.1\160919_freertos_labs\freertos-plus\demo\freertos_plus_tcp_and_fat_windows_simulator\debug\ff_ramdisk.obj
e:\badr\freertos_v9.0.1\160919_freertos_labs\freertos-plus\demo\freertos_plus_tcp_and_fat_windows_simulator\debug\freertos_arp.obj
e:\badr\freertos_v9.0.1\160919_freertos_labs\freertos-plus\demo\freertos_plus_tcp_and_fat_windows_simulator\debug\freertos_dhcp.obj
e:\badr\freertos_v9.0.1\160919_freertos_labs\freertos-plus\demo\freertos_plus_tcp_and_fat_windows_simulator\debug\freertos_dns.obj
e:\badr\freertos_v9.0.1\160919_freertos_labs\freertos-plus\demo\freertos_plus_tcp_and_fat_windows_simulator\debug\freertos_ip.obj
e:\badr\freertos_v9.0.1\160919_freertos_labs\freertos-plus\demo\freertos_plus_tcp_and_fat_windows_simulator\debug\freertos_sockets.obj
e:\badr\freertos_v9.0.1\160919_freertos_labs\freertos-plus\demo\freertos_plus_tcp_and_fat_windows_simulator\debug\freertos_stream_buffer.obj
e:\badr\freertos_v9.0.1\160919_freertos_labs\freertos-plus\demo\freertos_plus_tcp_and_fat_windows_simulator\debug\freertos_tcp_ip.obj
e:\badr\freertos_v9.0.1\160919_freertos_labs\freertos-plus\demo\freertos_plus_tcp_and_fat_windows_simulator\debug\freertos_tcp_win.obj
e:\badr\freertos_v9.0.1\160919_freertos_labs\freertos-plus\demo\freertos_plus_tcp_and_fat_windows_simulator\debug\freertos_udp_ip.obj
e:\badr\freertos_v9.0.1\160919_freertos_labs\freertos-plus\demo\freertos_plus_tcp_and_fat_windows_simulator\debug\bufferallocation_2.obj
e:\badr\freertos_v9.0.1\160919_freertos_labs\freertos-plus\demo\freertos_plus_tcp_and_fat_windows_simulator\debug\networkinterface.obj
e:\badr\freertos_v9.0.1\160919_freertos_labs\freertos-plus\demo\freertos_plus_tcp_and_fat_windows_simulator\debug\freertos_tcp_server.obj
e:\badr\freertos_v9.0.1\160919_freertos_labs\freertos-plus\demo\freertos_plus_tcp_and_fat_windows_simulator\debug\freertos_ftp_commands.obj
e:\badr\freertos_v9.0.1\160919_freertos_labs\freertos-plus\demo\freertos_plus_tcp_and_fat_windows_simulator\debug\ff_ioman.sbr
e:\badr\freertos_v9.0.1\160919_freertos_labs\freertos-plus\demo\freertos_plus_tcp_and_fat_windows_simulator\debug\ff_format.sbr
e:\badr\freertos_v9.0.1\160919_freertos_labs\freertos-plus\demo\freertos_plus_tcp_and_fat_windows_simulator\debug\ff_file.sbr
e:\badr\freertos_v9.0.1\160919_freertos_labs\freertos-plus\demo\freertos_plus_tcp_and_fat_windows_simulator\debug\ff_fat.sbr
e:\badr\freertos_v9.0.1\160919_freertos_labs\freertos-plus\demo\freertos_plus_tcp_and_fat_windows_simulator\debug\ff_error.sbr
e:\badr\freertos_v9.0.1\160919_freertos_labs\freertos-plus\demo\freertos_plus_tcp_and_fat_windows_simulator\debug\ff_dir.sbr
e:\badr\freertos_v9.0.1\160919_freertos_labs\freertos-plus\demo\freertos_plus_tcp_and_fat_windows_simulator\debug\ff_crc.sbr
e:\badr\freertos_v9.0.1\160919_freertos_labs\freertos-plus\demo\freertos_plus_tcp_and_fat_windows_simulator\debug\freertos_cli.sbr
e:\badr\freertos_v9.0.1\160919_freertos_labs\freertos-plus\demo\freertos_plus_tcp_and_fat_windows_simulator\debug\timers.sbr
e:\badr\freertos_v9.0.1\160919_freertos_labs\freertos-plus\demo\freertos_plus_tcp_and_fat_windows_simulator\debug\tasks.sbr
e:\badr\freertos_v9.0.1\160919_freertos_labs\freertos-plus\demo\freertos_plus_tcp_and_fat_windows_simulator\debug\queue.sbr
e:\badr\freertos_v9.0.1\160919_freertos_labs\freertos-plus\demo\freertos_plus_tcp_and_fat_windows_simulator\debug\port.sbr
e:\badr\freertos_v9.0.1\160919_freertos_labs\freertos-plus\demo\freertos_plus_tcp_and_fat_windows_simulator\debug\heap_4.sbr
e:\badr\freertos_v9.0.1\160919_freertos_labs\freertos-plus\demo\freertos_plus_tcp_and_fat_windows_simulator\debug\list.sbr
e:\badr\freertos_v9.0.1\160919_freertos_labs\freertos-plus\demo\freertos_plus_tcp_and_fat_windows_simulator\debug\event_groups.sbr
e:\badr\freertos_v9.0.1\160919_freertos_labs\freertos-plus\demo\freertos_plus_tcp_and_fat_windows_simulator\debug\event_groups.obj
e:\badr\freertos_v9.0.1\160919_freertos_labs\freertos-plus\demo\freertos_plus_tcp_and_fat_windows_simulator\debug\list.obj
e:\badr\freertos_v9.0.1\160919_freertos_labs\freertos-plus\demo\freertos_plus_tcp_and_fat_windows_simulator\debug\heap_4.obj
e:\badr\freertos_v9.0.1\160919_freertos_labs\freertos-plus\demo\freertos_plus_tcp_and_fat_windows_simulator\debug\port.obj
e:\badr\freertos_v9.0.1\160919_freertos_labs\freertos-plus\demo\freertos_plus_tcp_and_fat_windows_simulator\debug\queue.obj
e:\badr\freertos_v9.0.1\160919_freertos_labs\freertos-plus\demo\freertos_plus_tcp_and_fat_windows_simulator\debug\tasks.obj
e:\badr\freertos_v9.0.1\160919_freertos_labs\freertos-plus\demo\freertos_plus_tcp_and_fat_windows_simulator\debug\timers.obj
e:\badr\freertos_v9.0.1\160919_freertos_labs\freertos-plus\demo\freertos_plus_tcp_and_fat_windows_simulator\debug\freertos_cli.obj
e:\badr\freertos_v9.0.1\160919_freertos_labs\freertos-plus\demo\freertos_plus_tcp_and_fat_windows_simulator\debug\ff_crc.obj
e:\badr\freertos_v9.0.1\160919_freertos_labs\freertos-plus\demo\freertos_plus_tcp_and_fat_windows_simulator\debug\ff_dir.obj
e:\badr\freertos_v9.0.1\160919_freertos_labs\freertos-plus\demo\freertos_plus_tcp_and_fat_windows_simulator\debug\ff_error.obj
e:\badr\freertos_v9.0.1\160919_freertos_labs\freertos-plus\demo\freertos_plus_tcp_and_fat_windows_simulator\debug\ff_fat.obj
e:\badr\freertos_v9.0.1\160919_freertos_labs\freertos-plus\demo\freertos_plus_tcp_and_fat_windows_simulator\debug\ff_file.obj
e:\badr\freertos_v9.0.1\160919_freertos_labs\freertos-plus\demo\freertos_plus_tcp_and_fat_windows_simulator\debug\ff_format.obj
e:\badr\freertos_v9.0.1\160919_freertos_labs\freertos-plus\demo\freertos_plus_tcp_and_fat_windows_simulator\debug\ff_ioman.obj
e:\badr\freertos_v9.0.1\160919_freertos_labs\freertos-plus\demo\freertos_plus_tcp_and_fat_windows_simulator\debug\rsa.sbr
e:\badr\freertos_v9.0.1\160919_freertos_labs\freertos-plus\demo\freertos_plus_tcp_and_fat_windows_simulator\debug\canny.sbr
e:\badr\freertos_v9.0.1\160919_freertos_labs\freertos-plus\demo\freertos_plus_tcp_and_fat_windows_simulator\debug\rsa.obj
e:\badr\freertos_v9.0.1\160919_freertos_labs\freertos-plus\demo\freertos_plus_tcp_and_fat_windows_simulator\debug\canny.obj
e:\badr\freertos_v9.0.1\160919_freertos_labs\freertos-plus\demo\freertos_plus_tcp_and_fat_windows_simulator\debug\canny2.sbr
e:\badr\freertos_v9.0.1\160919_freertos_labs\freertos-plus\demo\freertos_plus_tcp_and_fat_windows_simulator\debug\win32.pdb
e:\badr\freertos_v9.0.1\160919_freertos_labs\freertos-plus\demo\freertos_plus_tcp_and_fat_windows_simulator\debug\rtosdemo.tlog\bscmake.command.1.tlog
e:\badr\freertos_v9.0.1\160919_freertos_labs\freertos-plus\demo\freertos_plus_tcp_and_fat_windows_simulator\debug\rtosdemo.tlog\bscmake.read.1.tlog
e:\badr\freertos_v9.0.1\160919_freertos_labs\freertos-plus\demo\freertos_plus_tcp_and_fat_windows_simulator\debug\rtosdemo.tlog\bscmake.write.1.tlog
e:\badr\freertos_v9.0.1\160919_freertos_labs\freertos-plus\demo\freertos_plus_tcp_and_fat_windows_simulator\debug\rtosdemo.tlog\cl.command.1.tlog
e:\badr\freertos_v9.0.1\160919_freertos_labs\freertos-plus\demo\freertos_plus_tcp_and_fat_windows_simulator\debug\rtosdemo.tlog\cl.items.tlog
e:\badr\freertos_v9.0.1\160919_freertos_labs\freertos-plus\demo\freertos_plus_tcp_and_fat_windows_simulator\debug\rtosdemo.tlog\cl.read.1.tlog
e:\badr\freertos_v9.0.1\160919_freertos_labs\freertos-plus\demo\freertos_plus_tcp_and_fat_windows_simulator\debug\rtosdemo.tlog\cl.write.1.tlog
e:\badr\freertos_v9.0.1\160919_freertos_labs\freertos-plus\demo\freertos_plus_tcp_and_fat_windows_simulator\debug\rtosdemo.tlog\link-cvtres.read.1.tlog
e:\badr\freertos_v9.0.1\160919_freertos_labs\freertos-plus\demo\freertos_plus_tcp_and_fat_windows_simulator\debug\rtosdemo.tlog\link-cvtres.write.1.tlog
e:\badr\freertos_v9.0.1\160919_freertos_labs\freertos-plus\demo\freertos_plus_tcp_and_fat_windows_simulator\debug\rtosdemo.tlog\link-rc.read.1.tlog
e:\badr\freertos_v9.0.1\160919_freertos_labs\freertos-plus\demo\freertos_plus_tcp_and_fat_windows_simulator\debug\rtosdemo.tlog\link-rc.write.1.tlog
e:\badr\freertos_v9.0.1\160919_freertos_labs\freertos-plus\demo\freertos_plus_tcp_and_fat_windows_simulator\debug\rtosdemo.tlog\link.9852-cvtres.read.1.tlog
e:\badr\freertos_v9.0.1\160919_freertos_labs\freertos-plus\demo\freertos_plus_tcp_and_fat_windows_simulator\debug\rtosdemo.tlog\link.9852-cvtres.write.1.tlog
e:\badr\freertos_v9.0.1\160919_freertos_labs\freertos-plus\demo\freertos_plus_tcp_and_fat_windows_simulator\debug\rtosdemo.tlog\link.9852-rc.read.1.tlog
e:\badr\freertos_v9.0.1\160919_freertos_labs\freertos-plus\demo\freertos_plus_tcp_and_fat_windows_simulator\debug\rtosdemo.tlog\link.9852-rc.write.1.tlog
e:\badr\freertos_v9.0.1\160919_freertos_labs\freertos-plus\demo\freertos_plus_tcp_and_fat_windows_simulator\debug\rtosdemo.tlog\link.9852.read.1.tlog
e:\badr\freertos_v9.0.1\160919_freertos_labs\freertos-plus\demo\freertos_plus_tcp_and_fat_windows_simulator\debug\rtosdemo.tlog\link.9852.write.1.tlog
e:\badr\freertos_v9.0.1\160919_freertos_labs\freertos-plus\demo\freertos_plus_tcp_and_fat_windows_simulator\debug\rtosdemo.tlog\link.command.1.tlog
e:\badr\freertos_v9.0.1\160919_freertos_labs\freertos-plus\demo\freertos_plus_tcp_and_fat_windows_simulator\debug\rtosdemo.tlog\link.read.1.tlog
e:\badr\freertos_v9.0.1\160919_freertos_labs\freertos-plus\demo\freertos_plus_tcp_and_fat_windows_simulator\debug\rtosdemo.tlog\link.write.1.tlog
